INFO  12/18/2021 11:17:28 AM => Initializing Program
INFO  12/18/2021 11:17:28 AM => Initialized In-Memory DB
INFO  12/18/2021 11:17:29 AM => Data Seding for In-Memory DB Started
INFO  12/18/2021 11:17:30 AM => Data Seding for In-Memory DB Completed
INFO  12/18/2021 12:58:31 PM => Initializing Program
INFO  12/18/2021 12:58:31 PM => Initialized In-Memory DB
INFO  12/18/2021 12:58:32 PM => Data Seding for In-Memory DB Started
INFO  12/18/2021 12:58:33 PM => Data Seding for In-Memory DB Completed
INFO  12/19/2021 07:06:44 PM => Initializing Program
INFO  12/19/2021 07:06:44 PM => Initialized In-Memory DB
INFO  12/19/2021 07:06:45 PM => Data Seding for In-Memory DB Started
INFO  12/19/2021 07:06:46 PM => Data Seding for In-Memory DB Completed
INFO  12/19/2021 07:50:18 PM => Initializing Program
INFO  12/19/2021 07:50:18 PM => Initialized In-Memory DB
INFO  12/19/2021 07:50:19 PM => Data Seding for In-Memory DB Started
INFO  12/19/2021 07:50:20 PM => Data Seding for In-Memory DB Completed
INFO  12/19/2021 08:22:52 PM => Initializing Program
INFO  12/19/2021 08:22:52 PM => Initialized SQL DB
INFO  12/19/2021 08:27:40 PM => Initializing Program
INFO  12/19/2021 08:27:40 PM => Initialized In-Memory DB
INFO  12/19/2021 08:27:41 PM => Data Seding for In-Memory DB Started
INFO  12/19/2021 08:27:42 PM => Data Seding for In-Memory DB Completed
